<?xml version="1.0" encoding="UTF-8"?>
<testsuite xmlns:xsi="http://www.w3.org/2001/XMLSchema-instance" xsi:noNamespaceSchemaLocation="https://maven.apache.org/surefire/maven-surefire-plugin/xsd/surefire-test-report.xsd" version="3.0.1" name="TestSuite" time="98.863" tests="4" errors="0" skipped="0" failures="0">
  <properties>
    <property name="java.specification.version" value="22"/>
    <property name="webdriver.chrome.driver" value="C:\Users\VISHNU VARDHAN\.cache\selenium\chromedriver\win64\140.0.7339.80\chromedriver.exe"/>
    <property name="sun.cpu.isalist" value="amd64"/>
    <property name="sun.jnu.encoding" value="Cp1252"/>
    <property name="java.class.path" value="C:\Users\VISHNU VARDHAN\Wipro_Eclipse\BDD_CapstoneProject\target\test-classes;C:\Users\VISHNU VARDHAN\Wipro_Eclipse\BDD_CapstoneProject\target\classes;C:\Users\VISHNU VARDHAN\.m2\repository\org\seleniumhq\selenium\selenium-java\4.31.0\selenium-java-4.31.0.jar;C:\Users\VISHNU VARDHAN\.m2\repository\org\seleniumhq\selenium\selenium-api\4.31.0\selenium-api-4.31.0.jar;C:\Users\VISHNU VARDHAN\.m2\repository\org\jspecify\jspecify\1.0.0\jspecify-1.0.0.jar;C:\Users\VISHNU VARDHAN\.m2\repository\org\seleniumhq\selenium\selenium-chrome-driver\4.31.0\selenium-chrome-driver-4.31.0.jar;C:\Users\VISHNU VARDHAN\.m2\repository\com\google\auto\service\auto-service-annotations\1.1.1\auto-service-annotations-1.1.1.jar;C:\Users\VISHNU VARDHAN\.m2\repository\org\seleniumhq\selenium\selenium-chromium-driver\4.31.0\selenium-chromium-driver-4.31.0.jar;C:\Users\VISHNU VARDHAN\.m2\repository\org\seleniumhq\selenium\selenium-json\4.31.0\selenium-json-4.31.0.jar;C:\Users\VISHNU VARDHAN\.m2\repository\org\seleniumhq\selenium\selenium-manager\4.31.0\selenium-manager-4.31.0.jar;C:\Users\VISHNU VARDHAN\.m2\repository\org\seleniumhq\selenium\selenium-devtools-v133\4.31.0\selenium-devtools-v133-4.31.0.jar;C:\Users\VISHNU VARDHAN\.m2\repository\org\seleniumhq\selenium\selenium-devtools-v134\4.31.0\selenium-devtools-v134-4.31.0.jar;C:\Users\VISHNU VARDHAN\.m2\repository\org\seleniumhq\selenium\selenium-devtools-v135\4.31.0\selenium-devtools-v135-4.31.0.jar;C:\Users\VISHNU VARDHAN\.m2\repository\org\seleniumhq\selenium\selenium-edge-driver\4.31.0\selenium-edge-driver-4.31.0.jar;C:\Users\VISHNU VARDHAN\.m2\repository\org\seleniumhq\selenium\selenium-firefox-driver\4.31.0\selenium-firefox-driver-4.31.0.jar;C:\Users\VISHNU VARDHAN\.m2\repository\org\seleniumhq\selenium\selenium-http\4.31.0\selenium-http-4.31.0.jar;C:\Users\VISHNU VARDHAN\.m2\repository\org\seleniumhq\selenium\selenium-ie-driver\4.31.0\selenium-ie-driver-4.31.0.jar;C:\Users\VISHNU VARDHAN\.m2\repository\org\seleniumhq\selenium\selenium-remote-driver\4.31.0\selenium-remote-driver-4.31.0.jar;C:\Users\VISHNU VARDHAN\.m2\repository\com\google\guava\guava\33.4.6-jre\guava-33.4.6-jre.jar;C:\Users\VISHNU VARDHAN\.m2\repository\com\google\guava\failureaccess\1.0.3\failureaccess-1.0.3.jar;C:\Users\VISHNU VARDHAN\.m2\repository\com\google\guava\listenablefuture\9999.0-empty-to-avoid-conflict-with-guava\listenablefuture-9999.0-empty-to-avoid-conflict-with-guava.jar;C:\Users\VISHNU VARDHAN\.m2\repository\com\google\j2objc\j2objc-annotations\3.0.0\j2objc-annotations-3.0.0.jar;C:\Users\VISHNU VARDHAN\.m2\repository\io\opentelemetry\opentelemetry-api\1.48.0\opentelemetry-api-1.48.0.jar;C:\Users\VISHNU VARDHAN\.m2\repository\io\opentelemetry\opentelemetry-context\1.48.0\opentelemetry-context-1.48.0.jar;C:\Users\VISHNU VARDHAN\.m2\repository\io\opentelemetry\opentelemetry-exporter-logging\1.48.0\opentelemetry-exporter-logging-1.48.0.jar;C:\Users\VISHNU VARDHAN\.m2\repository\io\opentelemetry\opentelemetry-sdk-common\1.48.0\opentelemetry-sdk-common-1.48.0.jar;C:\Users\VISHNU VARDHAN\.m2\repository\io\opentelemetry\opentelemetry-sdk-extension-autoconfigure-spi\1.48.0\opentelemetry-sdk-extension-autoconfigure-spi-1.48.0.jar;C:\Users\VISHNU VARDHAN\.m2\repository\io\opentelemetry\opentelemetry-sdk-extension-autoconfigure\1.48.0\opentelemetry-sdk-extension-autoconfigure-1.48.0.jar;C:\Users\VISHNU VARDHAN\.m2\repository\io\opentelemetry\opentelemetry-sdk-trace\1.48.0\opentelemetry-sdk-trace-1.48.0.jar;C:\Users\VISHNU VARDHAN\.m2\repository\io\opentelemetry\opentelemetry-sdk\1.48.0\opentelemetry-sdk-1.48.0.jar;C:\Users\VISHNU VARDHAN\.m2\repository\io\opentelemetry\opentelemetry-sdk-metrics\1.48.0\opentelemetry-sdk-metrics-1.48.0.jar;C:\Users\VISHNU VARDHAN\.m2\repository\io\opentelemetry\opentelemetry-sdk-logs\1.48.0\opentelemetry-sdk-logs-1.48.0.jar;C:\Users\VISHNU VARDHAN\.m2\repository\net\bytebuddy\byte-buddy\1.17.5\byte-buddy-1.17.5.jar;C:\Users\VISHNU VARDHAN\.m2\repository\org\seleniumhq\selenium\selenium-os\4.31.0\selenium-os-4.31.0.jar;C:\Users\VISHNU VARDHAN\.m2\repository\org\apache\commons\commons-exec\1.4.0\commons-exec-1.4.0.jar;C:\Users\VISHNU VARDHAN\.m2\repository\org\seleniumhq\selenium\selenium-safari-driver\4.31.0\selenium-safari-driver-4.31.0.jar;C:\Users\VISHNU VARDHAN\.m2\repository\org\seleniumhq\selenium\selenium-support\4.31.0\selenium-support-4.31.0.jar;C:\Users\VISHNU VARDHAN\.m2\repository\junit\junit\4.13.2\junit-4.13.2.jar;C:\Users\VISHNU VARDHAN\.m2\repository\org\hamcrest\hamcrest-core\1.3\hamcrest-core-1.3.jar;C:\Users\VISHNU VARDHAN\.m2\repository\org\testng\testng\7.8.0\testng-7.8.0.jar;C:\Users\VISHNU VARDHAN\.m2\repository\org\slf4j\slf4j-api\1.7.36\slf4j-api-1.7.36.jar;C:\Users\VISHNU VARDHAN\.m2\repository\com\beust\jcommander\1.82\jcommander-1.82.jar;C:\Users\VISHNU VARDHAN\.m2\repository\org\webjars\jquery\3.6.1\jquery-3.6.1.jar;C:\Users\VISHNU VARDHAN\.m2\repository\io\github\bonigarcia\webdrivermanager\6.0.1\webdrivermanager-6.0.1.jar;C:\Users\VISHNU VARDHAN\.m2\repository\com\google\code\gson\gson\2.12.1\gson-2.12.1.jar;C:\Users\VISHNU VARDHAN\.m2\repository\com\google\errorprone\error_prone_annotations\2.36.0\error_prone_annotations-2.36.0.jar;C:\Users\VISHNU VARDHAN\.m2\repository\com\github\docker-java\docker-java\3.5.0\docker-java-3.5.0.jar;C:\Users\VISHNU VARDHAN\.m2\repository\com\github\docker-java\docker-java-core\3.5.0\docker-java-core-3.5.0.jar;C:\Users\VISHNU VARDHAN\.m2\repository\com\github\docker-java\docker-java-api\3.5.0\docker-java-api-3.5.0.jar;C:\Users\VISHNU VARDHAN\.m2\repository\com\fasterxml\jackson\core\jackson-annotations\2.18.3\jackson-annotations-2.18.3.jar;C:\Users\VISHNU VARDHAN\.m2\repository\com\fasterxml\jackson\core\jackson-databind\2.18.3\jackson-databind-2.18.3.jar;C:\Users\VISHNU VARDHAN\.m2\repository\com\fasterxml\jackson\core\jackson-core\2.18.3\jackson-core-2.18.3.jar;C:\Users\VISHNU VARDHAN\.m2\repository\org\slf4j\jcl-over-slf4j\1.7.30\jcl-over-slf4j-1.7.30.jar;C:\Users\VISHNU VARDHAN\.m2\repository\com\github\docker-java\docker-java-transport-httpclient5\3.5.0\docker-java-transport-httpclient5-3.5.0.jar;C:\Users\VISHNU VARDHAN\.m2\repository\com\github\docker-java\docker-java-transport\3.5.0\docker-java-transport-3.5.0.jar;C:\Users\VISHNU VARDHAN\.m2\repository\net\java\dev\jna\jna\5.17.0\jna-5.17.0.jar;C:\Users\VISHNU VARDHAN\.m2\repository\org\brotli\dec\0.1.2\dec-0.1.2.jar;C:\Users\VISHNU VARDHAN\.m2\repository\org\apache\commons\commons-lang3\3.17.0\commons-lang3-3.17.0.jar;C:\Users\VISHNU VARDHAN\.m2\repository\org\apache\commons\commons-compress\1.27.1\commons-compress-1.27.1.jar;C:\Users\VISHNU VARDHAN\.m2\repository\commons-codec\commons-codec\1.17.1\commons-codec-1.17.1.jar;C:\Users\VISHNU VARDHAN\.m2\repository\commons-io\commons-io\2.16.1\commons-io-2.16.1.jar;C:\Users\VISHNU VARDHAN\.m2\repository\org\apache\httpcomponents\client5\httpclient5\5.4.3\httpclient5-5.4.3.jar;C:\Users\VISHNU VARDHAN\.m2\repository\org\apache\httpcomponents\core5\httpcore5\5.3.4\httpcore5-5.3.4.jar;C:\Users\VISHNU VARDHAN\.m2\repository\org\apache\httpcomponents\core5\httpcore5-h2\5.3.4\httpcore5-h2-5.3.4.jar;C:\Users\VISHNU VARDHAN\.m2\repository\io\cucumber\cucumber-junit\7.15.0\cucumber-junit-7.15.0.jar;C:\Users\VISHNU VARDHAN\.m2\repository\org\apiguardian\apiguardian-api\1.1.2\apiguardian-api-1.1.2.jar;C:\Users\VISHNU VARDHAN\.m2\repository\io\cucumber\cucumber-core\7.15.0\cucumber-core-7.15.0.jar;C:\Users\VISHNU VARDHAN\.m2\repository\io\cucumber\cucumber-gherkin\7.15.0\cucumber-gherkin-7.15.0.jar;C:\Users\VISHNU VARDHAN\.m2\repository\io\cucumber\cucumber-gherkin-messages\7.15.0\cucumber-gherkin-messages-7.15.0.jar;C:\Users\VISHNU VARDHAN\.m2\repository\io\cucumber\gherkin\26.2.0\gherkin-26.2.0.jar;C:\Users\VISHNU VARDHAN\.m2\repository\io\cucumber\tag-expressions\6.0.0\tag-expressions-6.0.0.jar;C:\Users\VISHNU VARDHAN\.m2\repository\io\cucumber\cucumber-expressions\17.0.1\cucumber-expressions-17.0.1.jar;C:\Users\VISHNU VARDHAN\.m2\repository\io\cucumber\datatable\7.15.0\datatable-7.15.0.jar;C:\Users\VISHNU VARDHAN\.m2\repository\io\cucumber\docstring\7.15.0\docstring-7.15.0.jar;C:\Users\VISHNU VARDHAN\.m2\repository\io\cucumber\html-formatter\20.4.0\html-formatter-20.4.0.jar;C:\Users\VISHNU VARDHAN\.m2\repository\io\cucumber\junit-xml-formatter\0.2.0\junit-xml-formatter-0.2.0.jar;C:\Users\VISHNU VARDHAN\.m2\repository\io\cucumber\ci-environment\10.0.0\ci-environment-10.0.0.jar;C:\Users\VISHNU VARDHAN\.m2\repository\io\cucumber\cucumber-java\7.15.0\cucumber-java-7.15.0.jar;C:\Users\VISHNU VARDHAN\.m2\repository\io\cucumber\cucumber-testng\7.15.0\cucumber-testng-7.15.0.jar;C:\Users\VISHNU VARDHAN\.m2\repository\io\cucumber\cucumber-plugin\7.15.0\cucumber-plugin-7.15.0.jar;C:\Users\VISHNU VARDHAN\.m2\repository\com\aventstack\extentreports\5.0.9\extentreports-5.0.9.jar;C:\Users\VISHNU VARDHAN\.m2\repository\io\reactivex\rxjava3\rxjava\3.0.4\rxjava-3.0.4.jar;C:\Users\VISHNU VARDHAN\.m2\repository\org\reactivestreams\reactive-streams\1.0.3\reactive-streams-1.0.3.jar;C:\Users\VISHNU VARDHAN\.m2\repository\org\freemarker\freemarker\2.3.30\freemarker-2.3.30.jar;C:\Users\VISHNU VARDHAN\.m2\repository\tech\grasshopper\extentreports-cucumber6-adapter\2.8.0\extentreports-cucumber6-adapter-2.8.0.jar;C:\Users\VISHNU VARDHAN\.m2\repository\tech\grasshopper\extent-pdf-report\1.7.0\extent-pdf-report-1.7.0.jar;C:\Users\VISHNU VARDHAN\.m2\repository\tech\grasshopper\cucumber-pdf-report\2.2.0\cucumber-pdf-report-2.2.0.jar;C:\Users\VISHNU VARDHAN\.m2\repository\org\apache\pdfbox\pdfbox\2.0.22\pdfbox-2.0.22.jar;C:\Users\VISHNU VARDHAN\.m2\repository\org\apache\pdfbox\fontbox\2.0.22\fontbox-2.0.22.jar;C:\Users\VISHNU VARDHAN\.m2\repository\org\knowm\xchart\xchart\3.8.0\xchart-3.8.0.jar;C:\Users\VISHNU VARDHAN\.m2\repository\de\erichseifert\vectorgraphics2d\VectorGraphics2D\0.13\VectorGraphics2D-0.13.jar;C:\Users\VISHNU VARDHAN\.m2\repository\de\rototor\pdfbox\graphics2d\0.30\graphics2d-0.30.jar;C:\Users\VISHNU VARDHAN\.m2\repository\com\madgag\animated-gif-lib\1.4\animated-gif-lib-1.4.jar;C:\Users\VISHNU VARDHAN\.m2\repository\org\yaml\snakeyaml\1.28\snakeyaml-1.28.jar;C:\Users\VISHNU VARDHAN\.m2\repository\tech\grasshopper\table-layout\1.2.0\table-layout-1.2.0.jar;C:\Users\VISHNU VARDHAN\.m2\repository\org\jsoup\jsoup\1.13.1\jsoup-1.13.1.jar;C:\Users\VISHNU VARDHAN\.m2\repository\com\aventstack\klov-reporter\5.0.6\klov-reporter-5.0.6.jar;C:\Users\VISHNU VARDHAN\.m2\repository\org\mongodb\bson\3.6.4\bson-3.6.4.jar;C:\Users\VISHNU VARDHAN\.m2\repository\org\apache\httpcomponents\httpclient\4.5.2\httpclient-4.5.2.jar;C:\Users\VISHNU VARDHAN\.m2\repository\org\apache\httpcomponents\httpcore\4.4.4\httpcore-4.4.4.jar;C:\Users\VISHNU VARDHAN\.m2\repository\commons-logging\commons-logging\1.2\commons-logging-1.2.jar;C:\Users\VISHNU VARDHAN\.m2\repository\org\apache\httpcomponents\httpmime\4.5.2\httpmime-4.5.2.jar;C:\Users\VISHNU VARDHAN\.m2\repository\org\mongodb\mongodb-driver\3.3.0\mongodb-driver-3.3.0.jar;C:\Users\VISHNU VARDHAN\.m2\repository\org\mongodb\mongodb-driver-core\3.3.0\mongodb-driver-core-3.3.0.jar;C:\Users\VISHNU VARDHAN\.m2\repository\com\vimalselvam\cucumber-extentsreport\3.1.1\cucumber-extentsreport-3.1.1.jar;C:\Users\VISHNU VARDHAN\.m2\repository\io\cucumber\messages\22.0.0\messages-22.0.0.jar;C:\Users\VISHNU VARDHAN\.m2\repository\org\projectlombok\lombok\1.18.32\lombok-1.18.32.jar;"/>
    <property name="java.vm.vendor" value="Eclipse Adoptium"/>
    <property name="sun.arch.data.model" value="64"/>
    <property name="user.variant" value=""/>
    <property name="java.vendor.url" value="https://adoptium.net/"/>
    <property name="user.timezone" value="Asia/Calcutta"/>
    <property name="os.name" value="Windows 11"/>
    <property name="java.vm.specification.version" value="22"/>
    <property name="sun.java.launcher" value="SUN_STANDARD"/>
    <property name="user.country" value="IN"/>
    <property name="sun.boot.library.path" value="C:\Users\VISHNU VARDHAN\.p2\pool\plugins\org.eclipse.justj.openjdk.hotspot.jre.full.win32.x86_64_22.0.2.v20240802-1626\jre\bin"/>
    <property name="sun.java.command" value="C:\Users\VISHNU VARDHAN\AppData\Local\Temp\surefire9771183967148566834\surefirebooter-20250908131611106_3.jar C:\Users\VISHNU VARDHAN\AppData\Local\Temp\surefire9771183967148566834 2025-09-08T13-16-10_994-jvmRun1 surefire-20250908131611106_1tmp surefire_0-20250908131611106_2tmp"/>
    <property name="jdk.debug" value="release"/>
    <property name="surefire.test.class.path" value="C:\Users\VISHNU VARDHAN\Wipro_Eclipse\BDD_CapstoneProject\target\test-classes;C:\Users\VISHNU VARDHAN\Wipro_Eclipse\BDD_CapstoneProject\target\classes;C:\Users\VISHNU VARDHAN\.m2\repository\org\seleniumhq\selenium\selenium-java\4.31.0\selenium-java-4.31.0.jar;C:\Users\VISHNU VARDHAN\.m2\repository\org\seleniumhq\selenium\selenium-api\4.31.0\selenium-api-4.31.0.jar;C:\Users\VISHNU VARDHAN\.m2\repository\org\jspecify\jspecify\1.0.0\jspecify-1.0.0.jar;C:\Users\VISHNU VARDHAN\.m2\repository\org\seleniumhq\selenium\selenium-chrome-driver\4.31.0\selenium-chrome-driver-4.31.0.jar;C:\Users\VISHNU VARDHAN\.m2\repository\com\google\auto\service\auto-service-annotations\1.1.1\auto-service-annotations-1.1.1.jar;C:\Users\VISHNU VARDHAN\.m2\repository\org\seleniumhq\selenium\selenium-chromium-driver\4.31.0\selenium-chromium-driver-4.31.0.jar;C:\Users\VISHNU VARDHAN\.m2\repository\org\seleniumhq\selenium\selenium-json\4.31.0\selenium-json-4.31.0.jar;C:\Users\VISHNU VARDHAN\.m2\repository\org\seleniumhq\selenium\selenium-manager\4.31.0\selenium-manager-4.31.0.jar;C:\Users\VISHNU VARDHAN\.m2\repository\org\seleniumhq\selenium\selenium-devtools-v133\4.31.0\selenium-devtools-v133-4.31.0.jar;C:\Users\VISHNU VARDHAN\.m2\repository\org\seleniumhq\selenium\selenium-devtools-v134\4.31.0\selenium-devtools-v134-4.31.0.jar;C:\Users\VISHNU VARDHAN\.m2\repository\org\seleniumhq\selenium\selenium-devtools-v135\4.31.0\selenium-devtools-v135-4.31.0.jar;C:\Users\VISHNU VARDHAN\.m2\repository\org\seleniumhq\selenium\selenium-edge-driver\4.31.0\selenium-edge-driver-4.31.0.jar;C:\Users\VISHNU VARDHAN\.m2\repository\org\seleniumhq\selenium\selenium-firefox-driver\4.31.0\selenium-firefox-driver-4.31.0.jar;C:\Users\VISHNU VARDHAN\.m2\repository\org\seleniumhq\selenium\selenium-http\4.31.0\selenium-http-4.31.0.jar;C:\Users\VISHNU VARDHAN\.m2\repository\org\seleniumhq\selenium\selenium-ie-driver\4.31.0\selenium-ie-driver-4.31.0.jar;C:\Users\VISHNU VARDHAN\.m2\repository\org\seleniumhq\selenium\selenium-remote-driver\4.31.0\selenium-remote-driver-4.31.0.jar;C:\Users\VISHNU VARDHAN\.m2\repository\com\google\guava\guava\33.4.6-jre\guava-33.4.6-jre.jar;C:\Users\VISHNU VARDHAN\.m2\repository\com\google\guava\failureaccess\1.0.3\failureaccess-1.0.3.jar;C:\Users\VISHNU VARDHAN\.m2\repository\com\google\guava\listenablefuture\9999.0-empty-to-avoid-conflict-with-guava\listenablefuture-9999.0-empty-to-avoid-conflict-with-guava.jar;C:\Users\VISHNU VARDHAN\.m2\repository\com\google\j2objc\j2objc-annotations\3.0.0\j2objc-annotations-3.0.0.jar;C:\Users\VISHNU VARDHAN\.m2\repository\io\opentelemetry\opentelemetry-api\1.48.0\opentelemetry-api-1.48.0.jar;C:\Users\VISHNU VARDHAN\.m2\repository\io\opentelemetry\opentelemetry-context\1.48.0\opentelemetry-context-1.48.0.jar;C:\Users\VISHNU VARDHAN\.m2\repository\io\opentelemetry\opentelemetry-exporter-logging\1.48.0\opentelemetry-exporter-logging-1.48.0.jar;C:\Users\VISHNU VARDHAN\.m2\repository\io\opentelemetry\opentelemetry-sdk-common\1.48.0\opentelemetry-sdk-common-1.48.0.jar;C:\Users\VISHNU VARDHAN\.m2\repository\io\opentelemetry\opentelemetry-sdk-extension-autoconfigure-spi\1.48.0\opentelemetry-sdk-extension-autoconfigure-spi-1.48.0.jar;C:\Users\VISHNU VARDHAN\.m2\repository\io\opentelemetry\opentelemetry-sdk-extension-autoconfigure\1.48.0\opentelemetry-sdk-extension-autoconfigure-1.48.0.jar;C:\Users\VISHNU VARDHAN\.m2\repository\io\opentelemetry\opentelemetry-sdk-trace\1.48.0\opentelemetry-sdk-trace-1.48.0.jar;C:\Users\VISHNU VARDHAN\.m2\repository\io\opentelemetry\opentelemetry-sdk\1.48.0\opentelemetry-sdk-1.48.0.jar;C:\Users\VISHNU VARDHAN\.m2\repository\io\opentelemetry\opentelemetry-sdk-metrics\1.48.0\opentelemetry-sdk-metrics-1.48.0.jar;C:\Users\VISHNU VARDHAN\.m2\repository\io\opentelemetry\opentelemetry-sdk-logs\1.48.0\opentelemetry-sdk-logs-1.48.0.jar;C:\Users\VISHNU VARDHAN\.m2\repository\net\bytebuddy\byte-buddy\1.17.5\byte-buddy-1.17.5.jar;C:\Users\VISHNU VARDHAN\.m2\repository\org\seleniumhq\selenium\selenium-os\4.31.0\selenium-os-4.31.0.jar;C:\Users\VISHNU VARDHAN\.m2\repository\org\apache\commons\commons-exec\1.4.0\commons-exec-1.4.0.jar;C:\Users\VISHNU VARDHAN\.m2\repository\org\seleniumhq\selenium\selenium-safari-driver\4.31.0\selenium-safari-driver-4.31.0.jar;C:\Users\VISHNU VARDHAN\.m2\repository\org\seleniumhq\selenium\selenium-support\4.31.0\selenium-support-4.31.0.jar;C:\Users\VISHNU VARDHAN\.m2\repository\junit\junit\4.13.2\junit-4.13.2.jar;C:\Users\VISHNU VARDHAN\.m2\repository\org\hamcrest\hamcrest-core\1.3\hamcrest-core-1.3.jar;C:\Users\VISHNU VARDHAN\.m2\repository\org\testng\testng\7.8.0\testng-7.8.0.jar;C:\Users\VISHNU VARDHAN\.m2\repository\org\slf4j\slf4j-api\1.7.36\slf4j-api-1.7.36.jar;C:\Users\VISHNU VARDHAN\.m2\repository\com\beust\jcommander\1.82\jcommander-1.82.jar;C:\Users\VISHNU VARDHAN\.m2\repository\org\webjars\jquery\3.6.1\jquery-3.6.1.jar;C:\Users\VISHNU VARDHAN\.m2\repository\io\github\bonigarcia\webdrivermanager\6.0.1\webdrivermanager-6.0.1.jar;C:\Users\VISHNU VARDHAN\.m2\repository\com\google\code\gson\gson\2.12.1\gson-2.12.1.jar;C:\Users\VISHNU VARDHAN\.m2\repository\com\google\errorprone\error_prone_annotations\2.36.0\error_prone_annotations-2.36.0.jar;C:\Users\VISHNU VARDHAN\.m2\repository\com\github\docker-java\docker-java\3.5.0\docker-java-3.5.0.jar;C:\Users\VISHNU VARDHAN\.m2\repository\com\github\docker-java\docker-java-core\3.5.0\docker-java-core-3.5.0.jar;C:\Users\VISHNU VARDHAN\.m2\repository\com\github\docker-java\docker-java-api\3.5.0\docker-java-api-3.5.0.jar;C:\Users\VISHNU VARDHAN\.m2\repository\com\fasterxml\jackson\core\jackson-annotations\2.18.3\jackson-annotations-2.18.3.jar;C:\Users\VISHNU VARDHAN\.m2\repository\com\fasterxml\jackson\core\jackson-databind\2.18.3\jackson-databind-2.18.3.jar;C:\Users\VISHNU VARDHAN\.m2\repository\com\fasterxml\jackson\core\jackson-core\2.18.3\jackson-core-2.18.3.jar;C:\Users\VISHNU VARDHAN\.m2\repository\org\slf4j\jcl-over-slf4j\1.7.30\jcl-over-slf4j-1.7.30.jar;C:\Users\VISHNU VARDHAN\.m2\repository\com\github\docker-java\docker-java-transport-httpclient5\3.5.0\docker-java-transport-httpclient5-3.5.0.jar;C:\Users\VISHNU VARDHAN\.m2\repository\com\github\docker-java\docker-java-transport\3.5.0\docker-java-transport-3.5.0.jar;C:\Users\VISHNU VARDHAN\.m2\repository\net\java\dev\jna\jna\5.17.0\jna-5.17.0.jar;C:\Users\VISHNU VARDHAN\.m2\repository\org\brotli\dec\0.1.2\dec-0.1.2.jar;C:\Users\VISHNU VARDHAN\.m2\repository\org\apache\commons\commons-lang3\3.17.0\commons-lang3-3.17.0.jar;C:\Users\VISHNU VARDHAN\.m2\repository\org\apache\commons\commons-compress\1.27.1\commons-compress-1.27.1.jar;C:\Users\VISHNU VARDHAN\.m2\repository\commons-codec\commons-codec\1.17.1\commons-codec-1.17.1.jar;C:\Users\VISHNU VARDHAN\.m2\repository\commons-io\commons-io\2.16.1\commons-io-2.16.1.jar;C:\Users\VISHNU VARDHAN\.m2\repository\org\apache\httpcomponents\client5\httpclient5\5.4.3\httpclient5-5.4.3.jar;C:\Users\VISHNU VARDHAN\.m2\repository\org\apache\httpcomponents\core5\httpcore5\5.3.4\httpcore5-5.3.4.jar;C:\Users\VISHNU VARDHAN\.m2\repository\org\apache\httpcomponents\core5\httpcore5-h2\5.3.4\httpcore5-h2-5.3.4.jar;C:\Users\VISHNU VARDHAN\.m2\repository\io\cucumber\cucumber-junit\7.15.0\cucumber-junit-7.15.0.jar;C:\Users\VISHNU VARDHAN\.m2\repository\org\apiguardian\apiguardian-api\1.1.2\apiguardian-api-1.1.2.jar;C:\Users\VISHNU VARDHAN\.m2\repository\io\cucumber\cucumber-core\7.15.0\cucumber-core-7.15.0.jar;C:\Users\VISHNU VARDHAN\.m2\repository\io\cucumber\cucumber-gherkin\7.15.0\cucumber-gherkin-7.15.0.jar;C:\Users\VISHNU VARDHAN\.m2\repository\io\cucumber\cucumber-gherkin-messages\7.15.0\cucumber-gherkin-messages-7.15.0.jar;C:\Users\VISHNU VARDHAN\.m2\repository\io\cucumber\gherkin\26.2.0\gherkin-26.2.0.jar;C:\Users\VISHNU VARDHAN\.m2\repository\io\cucumber\tag-expressions\6.0.0\tag-expressions-6.0.0.jar;C:\Users\VISHNU VARDHAN\.m2\repository\io\cucumber\cucumber-expressions\17.0.1\cucumber-expressions-17.0.1.jar;C:\Users\VISHNU VARDHAN\.m2\repository\io\cucumber\datatable\7.15.0\datatable-7.15.0.jar;C:\Users\VISHNU VARDHAN\.m2\repository\io\cucumber\docstring\7.15.0\docstring-7.15.0.jar;C:\Users\VISHNU VARDHAN\.m2\repository\io\cucumber\html-formatter\20.4.0\html-formatter-20.4.0.jar;C:\Users\VISHNU VARDHAN\.m2\repository\io\cucumber\junit-xml-formatter\0.2.0\junit-xml-formatter-0.2.0.jar;C:\Users\VISHNU VARDHAN\.m2\repository\io\cucumber\ci-environment\10.0.0\ci-environment-10.0.0.jar;C:\Users\VISHNU VARDHAN\.m2\repository\io\cucumber\cucumber-java\7.15.0\cucumber-java-7.15.0.jar;C:\Users\VISHNU VARDHAN\.m2\repository\io\cucumber\cucumber-testng\7.15.0\cucumber-testng-7.15.0.jar;C:\Users\VISHNU VARDHAN\.m2\repository\io\cucumber\cucumber-plugin\7.15.0\cucumber-plugin-7.15.0.jar;C:\Users\VISHNU VARDHAN\.m2\repository\com\aventstack\extentreports\5.0.9\extentreports-5.0.9.jar;C:\Users\VISHNU VARDHAN\.m2\repository\io\reactivex\rxjava3\rxjava\3.0.4\rxjava-3.0.4.jar;C:\Users\VISHNU VARDHAN\.m2\repository\org\reactivestreams\reactive-streams\1.0.3\reactive-streams-1.0.3.jar;C:\Users\VISHNU VARDHAN\.m2\repository\org\freemarker\freemarker\2.3.30\freemarker-2.3.30.jar;C:\Users\VISHNU VARDHAN\.m2\repository\tech\grasshopper\extentreports-cucumber6-adapter\2.8.0\extentreports-cucumber6-adapter-2.8.0.jar;C:\Users\VISHNU VARDHAN\.m2\repository\tech\grasshopper\extent-pdf-report\1.7.0\extent-pdf-report-1.7.0.jar;C:\Users\VISHNU VARDHAN\.m2\repository\tech\grasshopper\cucumber-pdf-report\2.2.0\cucumber-pdf-report-2.2.0.jar;C:\Users\VISHNU VARDHAN\.m2\repository\org\apache\pdfbox\pdfbox\2.0.22\pdfbox-2.0.22.jar;C:\Users\VISHNU VARDHAN\.m2\repository\org\apache\pdfbox\fontbox\2.0.22\fontbox-2.0.22.jar;C:\Users\VISHNU VARDHAN\.m2\repository\org\knowm\xchart\xchart\3.8.0\xchart-3.8.0.jar;C:\Users\VISHNU VARDHAN\.m2\repository\de\erichseifert\vectorgraphics2d\VectorGraphics2D\0.13\VectorGraphics2D-0.13.jar;C:\Users\VISHNU VARDHAN\.m2\repository\de\rototor\pdfbox\graphics2d\0.30\graphics2d-0.30.jar;C:\Users\VISHNU VARDHAN\.m2\repository\com\madgag\animated-gif-lib\1.4\animated-gif-lib-1.4.jar;C:\Users\VISHNU VARDHAN\.m2\repository\org\yaml\snakeyaml\1.28\snakeyaml-1.28.jar;C:\Users\VISHNU VARDHAN\.m2\repository\tech\grasshopper\table-layout\1.2.0\table-layout-1.2.0.jar;C:\Users\VISHNU VARDHAN\.m2\repository\org\jsoup\jsoup\1.13.1\jsoup-1.13.1.jar;C:\Users\VISHNU VARDHAN\.m2\repository\com\aventstack\klov-reporter\5.0.6\klov-reporter-5.0.6.jar;C:\Users\VISHNU VARDHAN\.m2\repository\org\mongodb\bson\3.6.4\bson-3.6.4.jar;C:\Users\VISHNU VARDHAN\.m2\repository\org\apache\httpcomponents\httpclient\4.5.2\httpclient-4.5.2.jar;C:\Users\VISHNU VARDHAN\.m2\repository\org\apache\httpcomponents\httpcore\4.4.4\httpcore-4.4.4.jar;C:\Users\VISHNU VARDHAN\.m2\repository\commons-logging\commons-logging\1.2\commons-logging-1.2.jar;C:\Users\VISHNU VARDHAN\.m2\repository\org\apache\httpcomponents\httpmime\4.5.2\httpmime-4.5.2.jar;C:\Users\VISHNU VARDHAN\.m2\repository\org\mongodb\mongodb-driver\3.3.0\mongodb-driver-3.3.0.jar;C:\Users\VISHNU VARDHAN\.m2\repository\org\mongodb\mongodb-driver-core\3.3.0\mongodb-driver-core-3.3.0.jar;C:\Users\VISHNU VARDHAN\.m2\repository\com\vimalselvam\cucumber-extentsreport\3.1.1\cucumber-extentsreport-3.1.1.jar;C:\Users\VISHNU VARDHAN\.m2\repository\io\cucumber\messages\22.0.0\messages-22.0.0.jar;C:\Users\VISHNU VARDHAN\.m2\repository\org\projectlombok\lombok\1.18.32\lombok-1.18.32.jar;"/>
    <property name="sun.cpu.endian" value="little"/>
    <property name="user.home" value="C:\Users\VISHNU VARDHAN"/>
    <property name="user.language" value="en"/>
    <property name="java.specification.vendor" value="Oracle Corporation"/>
    <property name="java.version.date" value="2024-07-16"/>
    <property name="java.home" value="C:\Users\VISHNU VARDHAN\.p2\pool\plugins\org.eclipse.justj.openjdk.hotspot.jre.full.win32.x86_64_22.0.2.v20240802-1626\jre"/>
    <property name="file.separator" value="\"/>
    <property name="basedir" value="C:\Users\VISHNU VARDHAN\Wipro_Eclipse\BDD_CapstoneProject"/>
    <property name="style.color" value="always"/>
    <property name="java.vm.compressedOopsMode" value="32-bit"/>
    <property name="line.separator" value="&#10;"/>
    <property name="java.vm.specification.vendor" value="Oracle Corporation"/>
    <property name="java.specification.name" value="Java Platform API Specification"/>
    <property name="surefire.real.class.path" value="C:\Users\VISHNU VARDHAN\AppData\Local\Temp\surefire9771183967148566834\surefirebooter-20250908131611106_3.jar"/>
    <property name="user.script" value=""/>
    <property name="sun.management.compiler" value="HotSpot 64-Bit Tiered Compilers"/>
    <property name="java.runtime.version" value="22.0.2+9"/>
    <property name="user.name" value="VISHNU VARDHAN"/>
    <property name="stdout.encoding" value="Cp1252"/>
    <property name="path.separator" value=";"/>
    <property name="os.version" value="10.0"/>
    <property name="java.runtime.name" value="OpenJDK Runtime Environment"/>
    <property name="file.encoding" value="UTF-8"/>
    <property name="java.vm.name" value="OpenJDK 64-Bit Server VM"/>
    <property name="java.vendor.version" value="Temurin-22.0.2+9"/>
    <property name="localRepository" value="C:\Users\VISHNU VARDHAN\.m2\repository"/>
    <property name="java.vendor.url.bug" value="https://github.com/adoptium/adoptium-support/issues"/>
    <property name="java.io.tmpdir" value="C:\Users\VISHNU~1\AppData\Local\Temp\"/>
    <property name="java.version" value="22.0.2"/>
    <property name="user.dir" value="C:\Users\VISHNU VARDHAN\Wipro_Eclipse\BDD_CapstoneProject"/>
    <property name="os.arch" value="amd64"/>
    <property name="java.vm.specification.name" value="Java Virtual Machine Specification"/>
    <property name="sun.os.patch.level" value=""/>
    <property name="native.encoding" value="Cp1252"/>
    <property name="java.library.path" value="C:\Users\VISHNU VARDHAN\.p2\pool\plugins\org.eclipse.justj.openjdk.hotspot.jre.full.win32.x86_64_22.0.2.v20240802-1626\jre\bin;C:\WINDOWS\Sun\Java\bin;C:\WINDOWS\system32;C:\WINDOWS;C:/Users/VISHNU VARDHAN/.p2/pool/plugins/org.eclipse.justj.openjdk.hotspot.jre.full.win32.x86_64_22.0.2.v20240802-1626/jre/bin/server;C:/Users/VISHNU VARDHAN/.p2/pool/plugins/org.eclipse.justj.openjdk.hotspot.jre.full.win32.x86_64_22.0.2.v20240802-1626/jre/bin;C:\Program Files\Common Files\Oracle\Java\javapath;C:\Program Files\Java\jdk-17\bin;C:\Users\VISHNU VARDHAN\anaconda3.3;C:\Users\VISHNU VARDHAN\anaconda3.3\Library\mingw-w64\bin;C:\Users\VISHNU VARDHAN\anaconda3.3\Library\usr\bin;C:\Users\VISHNU VARDHAN\anaconda3.3\Library\bin;C:\Users\VISHNU VARDHAN\anaconda3.3\Scripts;C:\Users\VISHNU VARDHAN\anaconda3.2;C:\Users\VISHNU VARDHAN\anaconda3.2\Library\mingw-w64\bin;C:\Users\VISHNU VARDHAN\anaconda3.2\Library\usr\bin;C:\Users\VISHNU VARDHAN\anaconda3.2\Library\bin;C:\Users\VISHNU VARDHAN\anaconda3.2\Scripts;C:\Users\VISHNU VARDHAN\anaconda3.1;C:\Users\VISHNU VARDHAN\anaconda3.1\Library\mingw-w64\bin;C:\Users\VISHNU VARDHAN\anaconda3.1\Library\usr\bin;C:\Users\VISHNU VARDHAN\anaconda3.1\Library\bin;C:\Users\VISHNU VARDHAN\anaconda3.1\Scripts;C:\Program Files\MySQL\MySQL Shell 8.0\bin\;C:\Users\VISHNU VARDHAN\AppData\Local\Programs\Microsoft VS Code\bin;C:\Program Files\Java\jdk-1.8\bin;C:\Program Files\nodejs;C:\Users\VISHNU VARDHAN\AppData\Roaming\npm;D:\TEKS ACADEMY\Java_Tools\apache-maven-3.9.11;C:\Users\VISHNU VARDHAN\AppData\Local\Microsoft\WindowsApps;C:\Program Files\Java\jdk-17\bin;C:\Program Files\Java\jdk-21\bin;;C:\WINDOWS\System32;;."/>
    <property name="java.vm.info" value="mixed mode"/>
    <property name="stderr.encoding" value="Cp1252"/>
    <property name="java.vendor" value="Eclipse Adoptium"/>
    <property name="java.vm.version" value="22.0.2+9"/>
    <property name="sun.io.unicode.encoding" value="UnicodeLittle"/>
    <property name="java.class.version" value="66.0"/>
  </properties>
  <testcase name="runScenario[&quot;User Registration&quot;, &quot;Demoblaze E-commerce Functionality&quot;](1)" classname="TestRunner.MyTestRunner" time="14.992">
    <system-out><![CDATA[
@sanity
Scenario: User Registration                                         # src/test/resources/Features/demoblaze.feature:5
Browser launched before scenario
  Given User is on the Demoblaze homepage                           # StepDefinitions.EcommerceSteps.user_is_on_the_demoblaze_homepage()
  When User clicks on SignUP button                                 # StepDefinitions.EcommerceSteps.user_clicks_on_sign_up_button()
  And User enters username  and password for signup                 # StepDefinitions.EcommerceSteps.user_enters_username_and_password_for_signup()
  And User clicks signup button                                     # StepDefinitions.EcommerceSteps.user_clicks_signup_button()
  Then User should see an alert "Sign up successful." and accept it # StepDefinitions.EcommerceSteps.user_should_see_an_alert_and_accept_it(java.lang.String)
Browser closed after the scenario
]]></system-out>
    <system-err><![CDATA[SLF4J: Failed to load class "org.slf4j.impl.StaticLoggerBinder".
SLF4J: Defaulting to no-operation (NOP) logger implementation
SLF4J: See http://www.slf4j.org/codes.html#StaticLoggerBinder for further details.
Sept 08, 2025 1:16:14 PM org.openqa.selenium.devtools.CdpVersionFinder findNearestMatch
WARNING: Unable to find CDP implementation matching 140
Sept 08, 2025 1:16:14 PM org.openqa.selenium.chromium.ChromiumDriver lambda$new$4
WARNING: Unable to find version of CDP to use for 140.0.7339.80. You may need to include a dependency on a specific version of the CDP using something similar to `org.seleniumhq.selenium:selenium-devtools-v86:4.31.0` where the version ("v86") matches the version of the chromium-based browser you're using and the version number of the artifact is the same as Selenium's.
]]></system-err>
  </testcase>
  <testcase name="runScenario[&quot;User Login and Product Purchase&quot;, &quot;Demoblaze E-commerce Functionality&quot;](2)" classname="TestRunner.MyTestRunner" time="9.962">
    <system-out><![CDATA[
@sanity
Scenario: User Login and Product Purchase          # src/test/resources/Features/demoblaze.feature:15
Browser launched before scenario
  Given User is on the Demoblaze homepage          # StepDefinitions.EcommerceSteps.user_is_on_the_demoblaze_homepage()
  When User clicks on Login button                 # StepDefinitions.EcommerceSteps.user_clicks_on_login_button()
  And User enters Username  and Password for login # StepDefinitions.EcommerceSteps.user_enters_username_and_password_for_login()
  And User clicks login button                     # StepDefinitions.EcommerceSteps.user_clicks_login_button()
Browser closed after the scenario
]]></system-out>
    <system-err><![CDATA[Sept 08, 2025 1:16:28 PM org.openqa.selenium.devtools.CdpVersionFinder findNearestMatch
WARNING: Unable to find CDP implementation matching 140
Sept 08, 2025 1:16:28 PM org.openqa.selenium.chromium.ChromiumDriver lambda$new$4
WARNING: Unable to find version of CDP to use for 140.0.7339.80. You may need to include a dependency on a specific version of the CDP using something similar to `org.seleniumhq.selenium:selenium-devtools-v86:4.31.0` where the version ("v86") matches the version of the chromium-based browser you're using and the version number of the artifact is the same as Selenium's.
]]></system-err>
  </testcase>
  <testcase name="runScenario[&quot;Verify the Contact and About US Page&quot;, &quot;Demoblaze E-commerce Functionality&quot;](3)" classname="TestRunner.MyTestRunner" time="18.014">
    <system-out><![CDATA[
@sanity
Scenario: Verify the Contact and About US Page # src/test/resources/Features/demoblaze.feature:23
Browser launched before scenario
  Given User is on the Demoblaze homepage      # StepDefinitions.EcommerceSteps.user_is_on_the_demoblaze_homepage()
  When User clicks on Contact                  # StepDefinitions.EcommerceSteps.user_clicks_on_contact()
  And User enters contact email and name       # StepDefinitions.EcommerceSteps.user_enters_contact_email_and_name()
  And User enters message                      # StepDefinitions.EcommerceSteps.user_enters_message()
  And User click on Send message               # StepDefinitions.EcommerceSteps.user_click_on_send_message()
  When User clicks on About us                 # StepDefinitions.EcommerceSteps.user_clicks_on_about_us()
  And User clicks on Close button              # StepDefinitions.EcommerceSteps.user_clicks_on_close_button()
Browser closed after the scenario
]]></system-out>
    <system-err><![CDATA[Sept 08, 2025 1:16:38 PM org.openqa.selenium.devtools.CdpVersionFinder findNearestMatch
WARNING: Unable to find CDP implementation matching 140
Sept 08, 2025 1:16:38 PM org.openqa.selenium.chromium.ChromiumDriver lambda$new$4
WARNING: Unable to find version of CDP to use for 140.0.7339.80. You may need to include a dependency on a specific version of the CDP using something similar to `org.seleniumhq.selenium:selenium-devtools-v86:4.31.0` where the version ("v86") matches the version of the chromium-based browser you're using and the version number of the artifact is the same as Selenium's.
]]></system-err>
  </testcase>
  <testcase name="runScenario[&quot;Verify user selects product and complete the checking process&quot;, &quot;Demoblaze E-commerce Functionality&quot;](4)" classname="TestRunner.MyTestRunner" time="53.069">
    <system-out><![CDATA[
@sanity
Scenario: Verify user selects product and complete the checking process       # src/test/resources/Features/demoblaze.feature:35
Browser launched before scenario
  Given User is on the Demoblaze homepage                                     # StepDefinitions.EcommerceSteps.user_is_on_the_demoblaze_homepage()
  When User navigates to Phones category                                      # StepDefinitions.EcommerceSteps.user_navigates_to_phones_category()
  And User selects Samsung galaxy s6                                          # StepDefinitions.EcommerceSteps.user_selects_samsung_galaxy_s6()
  And User adds phone item to cart                                            # StepDefinitions.EcommerceSteps.user_adds_phone_item_to_cart()
  When User goes back to home page                                            # StepDefinitions.EcommerceSteps.user_goes_back_to_home_page()
  And User navigates to Laptops category                                      # StepDefinitions.EcommerceSteps.user_navigates_to_laptops_category()
  And User selects MacBook air                                                # StepDefinitions.EcommerceSteps.user_selects_mac_book_air()
  And User adds laptop item to cart                                           # StepDefinitions.EcommerceSteps.user_adds_laptop_item_to_cart()
  When User goes back to home page                                            # StepDefinitions.EcommerceSteps.user_goes_back_to_home_page()
  And User navigates to Monitors category                                     # StepDefinitions.EcommerceSteps.user_navigates_to_monitors_category()
  And User selects Apple monitor24                                            # StepDefinitions.EcommerceSteps.user_selects_apple_monitor24()
  And User adds monitor item to cart                                          # StepDefinitions.EcommerceSteps.user_adds_monitor_item_to_cart()
  When User clicks on Cart                                                    # StepDefinitions.EcommerceSteps.user_clicks_on_cart()
  And User clicks on Place Order                                              # StepDefinitions.EcommerceSteps.user_clicks_on_place_order()
  And User fills order details:                                               # StepDefinitions.EcommerceSteps.user_fills_order_details(io.cucumber.datatable.DataTable)
    | Name   | Country | City    | Credit card | Month     | Year |
    | Vishnu | India   | Kurnool | 1234567890  | September | 2025 |
  And User clicks on Purchase                                                 # StepDefinitions.EcommerceSteps.user_clicks_on_purchase()
  Then User should see an message "Thank you for your purchase!" and click OK # StepDefinitions.EcommerceSteps.user_should_see_an_message_and_click_ok(java.lang.String)
Browser closed after the scenario
]]></system-out>
    <system-err><![CDATA[Sept 08, 2025 1:16:56 PM org.openqa.selenium.devtools.CdpVersionFinder findNearestMatch
WARNING: Unable to find CDP implementation matching 140
Sept 08, 2025 1:16:56 PM org.openqa.selenium.chromium.ChromiumDriver lambda$new$4
WARNING: Unable to find version of CDP to use for 140.0.7339.80. You may need to include a dependency on a specific version of the CDP using something similar to `org.seleniumhq.selenium:selenium-devtools-v86:4.31.0` where the version ("v86") matches the version of the chromium-based browser you're using and the version number of the artifact is the same as Selenium's.
]]></system-err>
  </testcase>
</testsuite>