<?xml version="1.0" encoding="UTF-8"?>
<!-- Generated by org.testng.reporters.JUnitReportReporter -->
<testsuite hostname="LAPTOP-QGJ5IKMO" failures="0" tests="4" name="TestRunner.MyTestRunner" time="96.036" errors="0" timestamp="2025-09-08T13:17:50 IST" skipped="0">
  <testcase classname="TestRunner.MyTestRunner" name="runScenario" time="53.068"/>
  <testcase classname="TestRunner.MyTestRunner" name="runScenario" time="14.987"/>
  <testcase classname="TestRunner.MyTestRunner" name="runScenario" time="9.968"/>
  <testcase classname="TestRunner.MyTestRunner" name="runScenario" time="18.013"/>
</testsuite> <!-- TestRunner.MyTestRunner -->
